make --dry-run --always-make --keep-going --print-directory
make: Entering directory `/Users/aguemazi/code/42/minishel'
gcc -I. -I/Users/aguemazi/.brew/opt/readline/include -o ft_path.o -c  -Wall -Wextra -Werror
 
gcc -I. -I/Users/aguemazi/.brew/opt/readline/include -o ft_free_double_char.o -c  -Wall -Wextra -Werror
gcc -I. -I/Users/aguemazi/.brew/opt/readline/include -o ft_get_indice_variable.o -c  -Wall -Wextra -Werror
gcc -I. -I/Users/aguemazi/.brew/opt/readline/include -o main.o -c  -Wall -Wextra -Werror
gcc -I. -I/Users/aguemazi/.brew/opt/readline/include -o ft_expand_string_variables.o -c  -Wall -Wextra -Werror
gcc -I. -I/Users/aguemazi/.brew/opt/readline/include -o ft_add_str_in_str.o -c  -Wall -Wextra -Werror
gcc -I. -I/Users/aguemazi/.brew/opt/readline/include -o ft_delete_nchar.o -c  -Wall -Wextra -Werror
gcc -I. -I/Users/aguemazi/.brew/opt/readline/include -o ft_split_minishell.o -c  -Wall -Wextra -Werror
/Applications/Xcode.app/Contents/Developer/usr/bin/make -C ../Libft
 
make[1]: Entering directory `/Users/aguemazi/code/42/Libft'
gcc -Wall -Wextra -Werror -c -I. ft_isalpha.c -o ft_isalpha.o
 
gcc -Wall -Wextra -Werror -c -I. ft_isdigit.c -o ft_isdigit.o
gcc -Wall -Wextra -Werror -c -I. ft_isalnum.c -o ft_isalnum.o
 
gcc -Wall -Wextra -Werror -c -I. ft_isascii.c -o ft_isascii.o
gcc -Wall -Wextra -Werror -c -I. ft_isprint.c -o ft_isprint.o
gcc -Wall -Wextra -Werror -c -I. ft_strlen.c -o ft_strlen.o
gcc -Wall -Wextra -Werror -c -I. ft_toupper.c -o ft_toupper.o
gcc -Wall -Wextra -Werror -c -I. ft_tolower.c -o ft_tolower.o
gcc -Wall -Wextra -Werror -c -I. ft_memset.c -o ft_memset.o
gcc -Wall -Wextra -Werror -c -I. ft_bzero.c -o ft_bzero.o
 
gcc -Wall -Wextra -Werror -c -I. ft_memcpy.c -o ft_memcpy.o
gcc -Wall -Wextra -Werror -c -I. ft_memmove.c -o ft_memmove.o
gcc -Wall -Wextra -Werror -c -I. ft_strlcpy.c -o ft_strlcpy.o
gcc -Wall -Wextra -Werror -c -I. ft_atoi.c -o ft_atoi.o
gcc -Wall -Wextra -Werror -c -I. ft_strlcat.c -o ft_strlcat.o
 
gcc -Wall -Wextra -Werror -c -I. ft_strchr.c -o ft_strchr.o
gcc -Wall -Wextra -Werror -c -I. ft_strrchr.c -o ft_strrchr.o
gcc -Wall -Wextra -Werror -c -I. ft_strncmp.c -o ft_strncmp.o
gcc -Wall -Wextra -Werror -c -I. ft_memchr.c -o ft_memchr.o
gcc -Wall -Wextra -Werror -c -I. ft_memcmp.c -o ft_memcmp.o
gcc -Wall -Wextra -Werror -c -I. ft_strnstr.c -o ft_strnstr.o
 
gcc -Wall -Wextra -Werror -c -I. ft_calloc.c -o ft_calloc.o
gcc -Wall -Wextra -Werror -c -I. ft_strdup.c -o ft_strdup.o
gcc -Wall -Wextra -Werror -c -I. ft_substr.c -o ft_substr.o
gcc -Wall -Wextra -Werror -c -I. ft_strjoin.c -o ft_strjoin.o
gcc -Wall -Wextra -Werror -c -I. ft_strtrim.c -o ft_strtrim.o
gcc -Wall -Wextra -Werror -c -I. ft_split.c -o ft_split.o
 
gcc -Wall -Wextra -Werror -c -I. ft_itoa.c -o ft_itoa.o
gcc -Wall -Wextra -Werror -c -I. ft_strmapi.c -o ft_strmapi.o
gcc -Wall -Wextra -Werror -c -I. ft_striteri.c -o ft_striteri.o
gcc -Wall -Wextra -Werror -c -I. ft_putchar_fd.c -o ft_putchar_fd.o
gcc -Wall -Wextra -Werror -c -I. ft_putstr_fd.c -o ft_putstr_fd.o
gcc -Wall -Wextra -Werror -c -I. ft_printf.c -o ft_printf.o
gcc -Wall -Wextra -Werror -c -I. ft_printf_c_value.c -o ft_printf_c_value.o
 
gcc -Wall -Wextra -Werror -c -I. ft_printf_d_or_i_value.c -o ft_printf_d_or_i_value.o
gcc -Wall -Wextra -Werror -c -I. ft_printf_p_value.c -o ft_printf_p_value.o
gcc -Wall -Wextra -Werror -c -I. ft_printf_percent_value.c -o ft_printf_percent_value.o
gcc -Wall -Wextra -Werror -c -I. ft_printf_putuns_fd.c -o ft_printf_putuns_fd.o
gcc -Wall -Wextra -Werror -c -I. ft_printf_s_value.c -o ft_printf_s_value.o
 
gcc -Wall -Wextra -Werror -c -I. ft_printf_putnbr_base.c -o ft_printf_putnbr_base.o
gcc -Wall -Wextra -Werror -c -I. ft_printf_putnbr_base2.c -o ft_printf_putnbr_base2.o
gcc -Wall -Wextra -Werror -c -I. ft_putendl_fd.c -o ft_putendl_fd.o
 
gcc -Wall -Wextra -Werror -c -I. ft_putnbr_fd.c -o ft_putnbr_fd.o
ar rcs libft.a ft_isalpha.o ft_isdigit.o ft_isalnum.o ft_isascii.o ft_isprint.o ft_strlen.o ft_toupper.o ft_tolower.o ft_memset.o ft_bzero.o ft_memcpy.o ft_memmove.o ft_strlcpy.o ft_atoi.o ft_strlcat.o ft_strchr.o ft_strrchr.o ft_strncmp.o ft_memchr.o ft_memcmp.o ft_strnstr.o ft_calloc.o ft_strdup.o ft_substr.o ft_strjoin.o ft_strtrim.o ft_split.o ft_itoa.o ft_strmapi.o ft_striteri.o ft_putchar_fd.o ft_putstr_fd.o ft_printf.o ft_printf_c_value.o ft_printf_d_or_i_value.o ft_printf_p_value.o ft_printf_percent_value.o ft_printf_putuns_fd.o ft_printf_s_value.o ft_printf_putnbr_base.o ft_printf_putnbr_base2.o ft_putendl_fd.o ft_putnbr_fd.o
make[1]: Leaving directory `/Users/aguemazi/code/42/Libft'
gcc -Wall -Wextra -Werror ft_path.o ft_free_double_char.o ft_get_indice_variable.o main.o ft_expand_string_variables.o ft_add_str_in_str.o ft_delete_nchar.o ft_split_minishell.o -lreadline ../Libft/Libft.a -o minishell
echo "\033[1;32mCompilation complete ✅";
 
make: Leaving directory `/Users/aguemazi/code/42/minishel'
 
