make all --print-data-base --no-builtin-variables --no-builtin-rules --question
# GNU Make 3.81
# Copyright (C) 2006  Free Software Foundation, Inc.
# This is free software; see the source for copying conditions.
# There is NO warranty; not even for MERCHANTABILITY or FITNESS FOR A
# PARTICULAR PURPOSE.

# This program built for i386-apple-darwin11.3.0
 

# Make data base, printed on Thu Aug 18 17:55:56 2022

# Variables
 

# automatic
<D = $(patsubst %/,%,$(dir $<))
# automatic
?F = $(notdir $?)
# environment
VSCODE_LOG_NATIVE = false
# automatic
?D = $(patsubst %/,%,$(dir $?))
# automatic
@D = $(patsubst %/,%,$(dir $@))
# automatic
@F = $(notdir $@)
# makefile
CURDIR := /Users/aguemazi/code/42/minishel
# makefile
SHELL = /bin/sh
# makefile (from `makefile', line 6)
RM = rm -rf
# environment
VSCODE_NLS_CONFIG = {"locale":"en-us","availableLanguages":{},"_languagePackSupport":true}
# environment
_ = /usr/bin/make
# makefile (from `makefile', line 1)
MAKEFILE_LIST :=  makefile
# makefile (from `makefile', line 4)
GCC = gcc
# environment
VSCODE_VERBOSE_LOGGING = true
# makefile (from `makefile', line 2)
OBJS = $(SRCS:.c=.o)
# environment
VSCODE_IPC_HOOK_EXTHOST = /var/folders/zz/zyxvpxvq6csfxvn_n000c_vm0032px/T/vscode-ipc-2eb4b86a-d9ec-4e9b-994e-1191e78e9fad.sock
# environment
VSCODE_CWD = /
# environment
PATH = /usr/local/bin:/usr/bin:/bin:/usr/sbin:/sbin:/usr/local/munki:/Library/Apple/usr/bin
# environment
LaunchInstanceID = CC2A8532-4A16-4158-BED1-B2DD8977C0C9
# environment
VSCODE_LOG_STACK = false
# environment
ELECTRON_RUN_AS_NODE = 1
# default
.FEATURES := target-specific order-only second-expansion else-if archives jobserver check-symlink
# environment
SSH_AUTH_SOCK = /private/tmp/com.apple.launchd.pgkulItc6C/Listeners
# automatic
%F = $(notdir $%)
# environment
VSCODE_PIPE_LOGGING = true
# environment
PWD = /Users/aguemazi/code/42/minishel
# environment
ORIGINAL_XDG_CURRENT_DESKTOP = undefined
# environment
VSCODE_AMD_ENTRYPOINT = vs/workbench/api/node/extensionHostProcess
# environment
HOME = /Users/aguemazi
# default
MAKEFILEPATH := /Applications/Xcode.app/Contents/Developer/Makefiles
# environment
VSCODE_CODE_CACHE_PATH = /Users/aguemazi/Library/Application Support/Code/CachedData/30d9c6cd9483b2cc586687151bcbcd635f373630
# environment
LOGNAME = aguemazi
# environment
APPLICATION_INSIGHTS_NO_DIAGNOSTIC_CHANNEL = 1
# environment
VSCODE_HANDLES_UNCAUGHT_ERRORS = true
# automatic
^D = $(patsubst %/,%,$(dir $^))
# environment
XPC_FLAGS = 0x0
# default
MAKE = $(MAKE_COMMAND)
# default
MAKECMDGOALS := all
# makefile (from `makefile', line 1)
SRCS = ft_path.c ft_free_double_char.c ft_get_indice_variable.c main.c ft_expand_string_variables.c ft_add_str_in_str.c ft_delete_nchar.c ft_split_minishell.c
# environment
SHLVL = 1
# default
MAKE_VERSION := 3.81
# environment
USER = aguemazi
# makefile
.DEFAULT_GOAL := all
# makefile (from `makefile', line 10)
NAME = minishell
# automatic
%D = $(patsubst %/,%,$(dir $%))
# default
MAKE_COMMAND := /Applications/Xcode.app/Contents/Developer/usr/bin/make
# default
.VARIABLES := 
# environment
TMPDIR = /var/folders/zz/zyxvpxvq6csfxvn_n000c_vm0032px/T/
# automatic
*F = $(notdir $*)
# environment
VSCODE_IPC_HOOK = /Users/aguemazi/Library/Application Support/Code/1.68.1-main.sock
# makefile
MAKEFLAGS = Rrqp
# environment
MFLAGS = -Rrqp
# automatic
*D = $(patsubst %/,%,$(dir $*))
# environment
XPC_SERVICE_NAME = com.apple.xpc.launchd.oneshot.0x10000002.Electron
# automatic
+D = $(patsubst %/,%,$(dir $+))
# automatic
+F = $(notdir $+)
# environment
__CF_USER_TEXT_ENCODING = 0x18ADD:0x0:0x0
# environment
COMMAND_MODE = unix2003
# default
MAKEFILES := 
# automatic
<F = $(notdir $<)
# environment
LC_ALL = C
# environment
SECURITYSESSIONID = 186a6
# automatic
^F = $(notdir $^)
# default
SUFFIXES := 
# makefile (from `makefile', line 8)
FLAGS = -Wall -Wextra -Werror
# default
.INCLUDE_DIRS = /usr/local/include
# environment
MAKELEVEL := 0
# environment
LANG = C
# environment
VSCODE_PID = 6163
# variable set hash-table stats:
# Load=69/1024=7%, Rehash=0, Collisions=3/97=3%

# Pattern-specific Variable Values

# No pattern-specific variable values.

# Directories

 
# . (device 16777225, inode 2053249): 25 files, no impossibilities.

# 25 files, no impossibilities in 1 directories.

# Implicit Rules

%.o: %.c
#  commands to execute (from `makefile', line 15):
	@$(GCC) -I. -I${HOME}/.brew/opt/readline/include -o $@ -c $? $(FLAGS)
	

# 1 implicit rules, 0 (0.0%) terminal.

# Files

ft_get_indice_variable.o: ft_get_indice_variable.c
#  Implicit rule search has been done.
#  Implicit/static pattern stem: `ft_get_indice_variable'
#  Last modified 2022-08-17 14:12:17
#  File has been updated.
#  Successfully updated.
# variable set hash-table stats:
# Load=0/32=0%, Rehash=0, Collisions=0/0=0%
#  commands to execute (from `makefile', line 15):
	@$(GCC) -I. -I${HOME}/.brew/opt/readline/include -o $@ -c $? $(FLAGS)
	

ft_delete_nchar.o: ft_delete_nchar.c
#  Implicit rule search has been done.
#  Implicit/static pattern stem: `ft_delete_nchar'
#  Last modified 2022-08-18 15:52:57
#  File has been updated.
#  Successfully updated.
# variable set hash-table stats:
# Load=0/32=0%, Rehash=0, Collisions=0/0=0%
#  commands to execute (from `makefile', line 15):
	@$(GCC) -I. -I${HOME}/.brew/opt/readline/include -o $@ -c $? $(FLAGS)
	

all: minishell
#  Phony target (prerequisite of .PHONY).
#  Command-line target.
#  Implicit rule search has not been done.
#  File does not exist.
#  File has been updated.
#  Successfully updated.
# variable set hash-table stats:
# Load=0/32=0%, Rehash=0, Collisions=0/0=0%

.PHONY: all fclean clean re
#  Implicit rule search has not been done.
#  Modification time never checked.
#  File has not been updated.

# Not a target:
main.c:
#  Implicit rule search has been done.
#  Last modified 2022-08-18 15:49:52
#  File has been updated.
#  Successfully updated.
# variable set hash-table stats:
# Load=0/32=0%, Rehash=0, Collisions=0/0=0%

# Not a target:
ft_expand_string_variables.c:
#  Implicit rule search has been done.
#  Last modified 2022-08-18 14:30:55
#  File has been updated.
#  Successfully updated.
# variable set hash-table stats:
# Load=0/32=0%, Rehash=0, Collisions=0/0=0%

# Not a target:
.SUFFIXES:
#  Implicit rule search has not been done.
#  Modification time never checked.
#  File has not been updated.

ft_expand_string_variables.o: ft_expand_string_variables.c
#  Implicit rule search has been done.
#  Implicit/static pattern stem: `ft_expand_string_variables'
#  Last modified 2022-08-18 14:33:49
#  File has been updated.
#  Successfully updated.
# variable set hash-table stats:
# Load=0/32=0%, Rehash=0, Collisions=0/0=0%
#  commands to execute (from `makefile', line 15):
	@$(GCC) -I. -I${HOME}/.brew/opt/readline/include -o $@ -c $? $(FLAGS)
	

# Not a target:
makefile:
#  Implicit rule search has been done.
#  Last modified 2022-08-08 15:16:35
#  File has been updated.
#  Successfully updated.
# variable set hash-table stats:
# Load=0/32=0%, Rehash=0, Collisions=0/0=0%

# Not a target:
ft_get_indice_variable.c:
#  Implicit rule search has been done.
#  Last modified 2022-08-17 14:12:11
#  File has been updated.
#  Successfully updated.
# variable set hash-table stats:
# Load=0/32=0%, Rehash=0, Collisions=0/0=0%

minishell: ft_path.o ft_free_double_char.o ft_get_indice_variable.o main.o ft_expand_string_variables.o ft_add_str_in_str.o ft_delete_nchar.o ft_split_minishell.o
#  Implicit rule search has not been done.
#  Last modified 2022-08-18 15:55:10
#  File has been updated.
#  Successfully updated.
# variable set hash-table stats:
# Load=0/32=0%, Rehash=0, Collisions=0/0=0%
#  commands to execute (from `makefile', line 18):
	@$(MAKE) -C ../Libft
	@$(GCC) $(FLAGS) $(OBJS) -lreadline ../Libft/Libft.a -o $(NAME)
	@echo "\033[1;32mCompilation complete ✅";
	

# Not a target:
ft_delete_nchar.c:
#  Implicit rule search has been done.
#  Last modified 2022-08-18 15:52:51
#  File has been updated.
#  Successfully updated.
# variable set hash-table stats:
# Load=0/32=0%, Rehash=0, Collisions=0/0=0%

ft_add_str_in_str.o: ft_add_str_in_str.c
#  Implicit rule search has been done.
#  Implicit/static pattern stem: `ft_add_str_in_str'
#  Last modified 2022-08-18 15:55:10
#  File has been updated.
#  Successfully updated.
# variable set hash-table stats:
# Load=0/32=0%, Rehash=0, Collisions=0/0=0%
#  commands to execute (from `makefile', line 15):
	@$(GCC) -I. -I${HOME}/.brew/opt/readline/include -o $@ -c $? $(FLAGS)
	

fclean: clean
#  Phony target (prerequisite of .PHONY).
#  Implicit rule search has not been done.
#  File does not exist.
#  File has not been updated.
#  commands to execute (from `makefile', line 28):
	@$(MAKE) fclean -C ../Libft
	@$(RM) $(NAME)
	@echo "\033[1;32mFull cleaning complete 🧹"
	

ft_split_minishell.o: ft_split_minishell.c
#  Implicit rule search has been done.
#  Implicit/static pattern stem: `ft_split_minishell'
#  Last modified 2022-08-18 15:49:54
#  File has been updated.
#  Successfully updated.
# variable set hash-table stats:
# Load=0/32=0%, Rehash=0, Collisions=0/0=0%
#  commands to execute (from `makefile', line 15):
	@$(GCC) -I. -I${HOME}/.brew/opt/readline/include -o $@ -c $? $(FLAGS)
	

ft_path.o: ft_path.c
#  Implicit rule search has been done.
#  Implicit/static pattern stem: `ft_path'
#  Last modified 2022-08-18 14:33:49
#  File has been updated.
#  Successfully updated.
# variable set hash-table stats:
# Load=0/32=0%, Rehash=0, Collisions=0/0=0%
#  commands to execute (from `makefile', line 15):
	@$(GCC) -I. -I${HOME}/.brew/opt/readline/include -o $@ -c $? $(FLAGS)
	

# Not a target:
.DEFAULT:
#  Implicit rule search has not been done.
#  Modification time never checked.
#  File has not been updated.

ft_free_double_char.o: ft_free_double_char.c
#  Implicit rule search has been done.
#  Implicit/static pattern stem: `ft_free_double_char'
#  Last modified 2022-08-08 15:22:17
#  File has been updated.
#  Successfully updated.
# variable set hash-table stats:
# Load=0/32=0%, Rehash=0, Collisions=0/0=0%
#  commands to execute (from `makefile', line 15):
	@$(GCC) -I. -I${HOME}/.brew/opt/readline/include -o $@ -c $? $(FLAGS)
	

re: fclean all
#  Phony target (prerequisite of .PHONY).
#  Implicit rule search has not been done.
#  File does not exist.
#  File has not been updated.
#  commands to execute (from `makefile', line 33):
	@echo "\033[1;32mRebuild complete 🔨"
	

clean:
#  Phony target (prerequisite of .PHONY).
#  Implicit rule search has not been done.
#  File does not exist.
#  File has not been updated.
#  commands to execute (from `makefile', line 23):
	@$(MAKE) clean -C ../Libft
	@$(RM) $(OBJS)
	@echo "\033[1;32mCleaning complete 🧽"
	

# Not a target:
ft_add_str_in_str.c:
#  Implicit rule search has been done.
#  Last modified 2022-08-18 15:54:09
#  File has been updated.
#  Successfully updated.
# variable set hash-table stats:
# Load=0/32=0%, Rehash=0, Collisions=0/0=0%

main.o: main.c
#  Implicit rule search has been done.
#  Implicit/static pattern stem: `main'
#  Last modified 2022-08-18 15:49:54
#  File has been updated.
#  Successfully updated.
# variable set hash-table stats:
# Load=0/32=0%, Rehash=0, Collisions=0/0=0%
#  commands to execute (from `makefile', line 15):
	@$(GCC) -I. -I${HOME}/.brew/opt/readline/include -o $@ -c $? $(FLAGS)
	

# Not a target:
ft_split_minishell.c:
#  Implicit rule search has been done.
#  Last modified 2022-08-18 15:48:05
#  File has been updated.
#  Successfully updated.
# variable set hash-table stats:
# Load=0/32=0%, Rehash=0, Collisions=0/0=0%

# Not a target:
ft_path.c:
#  Implicit rule search has been done.
#  Last modified 2022-08-18 14:33:21
#  File has been updated.
#  Successfully updated.
# variable set hash-table stats:
# Load=0/32=0%, Rehash=0, Collisions=0/0=0%

# Not a target:
ft_free_double_char.c:
#  Implicit rule search has been done.
#  Last modified 2022-07-22 09:28:32
#  File has been updated.
#  Successfully updated.
# variable set hash-table stats:
# Load=0/32=0%, Rehash=0, Collisions=0/0=0%

# files hash-table stats:
# Load=25/1024=2%, Rehash=0, Collisions=5/78=6%
# VPATH Search Paths

# No `vpath' search paths.

# No general (`VPATH' variable) search path.

# # of strings in strcache: 1
# # of strcache buffers: 1
 
# strcache size: total = 4096 / max = 4096 / min = 4096 / avg = 4096
# strcache free: total = 4087 / max = 4087 / min = 4087 / avg = 4087

# Finished Make data base on Thu Aug 18 17:55:56 2022

 
